{"/Users/pranshu/samples-typescript/node-jwt/app.js": {"path":"/Users/pranshu/samples-typescript/node-jwt/app.js","statementMap":{"0":{"start":{"line":1,"column":16},"end":{"line":1,"column":34}},"1":{"start":{"line":2,"column":13},"end":{"line":2,"column":28}},"2":{"start":{"line":3,"column":20},"end":{"line":3,"column":70}},"3":{"start":{"line":5,"column":12},"end":{"line":5,"column":21}},"4":{"start":{"line":6,"column":0},"end":{"line":6,"column":22}},"5":{"start":{"line":9,"column":18},"end":{"line":11,"column":1}},"6":{"start":{"line":13,"column":11},"end":{"line":13,"column":30}},"7":{"start":{"line":14,"column":13},"end":{"line":14,"column":20}},"8":{"start":{"line":16,"column":0},"end":{"line":19,"column":3}},"9":{"start":{"line":17,"column":2},"end":{"line":17,"column":33}},"10":{"start":{"line":18,"column":2},"end":{"line":18,"column":12}},"11":{"start":{"line":21,"column":0},"end":{"line":21,"column":27}},"12":{"start":{"line":24,"column":0},"end":{"line":24,"column":24}},"13":{"start":{"line":27,"column":0},"end":{"line":27,"column":48}},"14":{"start":{"line":30,"column":0},"end":{"line":32,"column":3}},"15":{"start":{"line":31,"column":2},"end":{"line":31,"column":60}},"16":{"start":{"line":34,"column":0},"end":{"line":34,"column":37}},"17":{"start":{"line":35,"column":0},"end":{"line":35,"column":37}},"18":{"start":{"line":37,"column":13},"end":{"line":37,"column":37}},"19":{"start":{"line":38,"column":0},"end":{"line":40,"column":3}},"20":{"start":{"line":39,"column":2},"end":{"line":39,"column":52}},"21":{"start":{"line":43,"column":2},"end":{"line":52,"column":5}},"22":{"start":{"line":47,"column":4},"end":{"line":51,"column":5}},"23":{"start":{"line":48,"column":6},"end":{"line":48,"column":71}},"24":{"start":{"line":50,"column":6},"end":{"line":50,"column":51}},"25":{"start":{"line":54,"column":2},"end":{"line":63,"column":5}},"26":{"start":{"line":58,"column":4},"end":{"line":62,"column":5}},"27":{"start":{"line":59,"column":6},"end":{"line":59,"column":71}},"28":{"start":{"line":61,"column":6},"end":{"line":61,"column":51}},"29":{"start":{"line":65,"column":2},"end":{"line":74,"column":5}},"30":{"start":{"line":69,"column":4},"end":{"line":73,"column":5}},"31":{"start":{"line":70,"column":6},"end":{"line":70,"column":71}},"32":{"start":{"line":72,"column":6},"end":{"line":72,"column":51}}},"fnMap":{"0":{"name":"(anonymous_0)","decl":{"start":{"line":16,"column":25},"end":{"line":16,"column":26}},"loc":{"start":{"line":16,"column":31},"end":{"line":19,"column":1}},"line":16},"1":{"name":"(anonymous_1)","decl":{"start":{"line":30,"column":13},"end":{"line":30,"column":14}},"loc":{"start":{"line":30,"column":27},"end":{"line":32,"column":1}},"line":30},"2":{"name":"(anonymous_2)","decl":{"start":{"line":38,"column":17},"end":{"line":38,"column":18}},"loc":{"start":{"line":38,"column":23},"end":{"line":40,"column":1}},"line":38},"3":{"name":"initial","decl":{"start":{"line":42,"column":9},"end":{"line":42,"column":16}},"loc":{"start":{"line":42,"column":19},"end":{"line":75,"column":1}},"line":42},"4":{"name":"(anonymous_4)","decl":{"start":{"line":46,"column":11},"end":{"line":46,"column":12}},"loc":{"start":{"line":46,"column":20},"end":{"line":52,"column":3}},"line":46},"5":{"name":"(anonymous_5)","decl":{"start":{"line":57,"column":11},"end":{"line":57,"column":12}},"loc":{"start":{"line":57,"column":20},"end":{"line":63,"column":3}},"line":57},"6":{"name":"(anonymous_6)","decl":{"start":{"line":68,"column":11},"end":{"line":68,"column":12}},"loc":{"start":{"line":68,"column":20},"end":{"line":74,"column":3}},"line":68}},"branchMap":{"0":{"loc":{"start":{"line":37,"column":13},"end":{"line":37,"column":37}},"type":"binary-expr","locations":[{"start":{"line":37,"column":13},"end":{"line":37,"column":29}},{"start":{"line":37,"column":33},"end":{"line":37,"column":37}}],"line":37},"1":{"loc":{"start":{"line":47,"column":4},"end":{"line":51,"column":5}},"type":"if","locations":[{"start":{"line":47,"column":4},"end":{"line":51,"column":5}},{"start":{"line":47,"column":4},"end":{"line":51,"column":5}}],"line":47},"2":{"loc":{"start":{"line":58,"column":4},"end":{"line":62,"column":5}},"type":"if","locations":[{"start":{"line":58,"column":4},"end":{"line":62,"column":5}},{"start":{"line":58,"column":4},"end":{"line":62,"column":5}}],"line":58},"3":{"loc":{"start":{"line":69,"column":4},"end":{"line":73,"column":5}},"type":"if","locations":[{"start":{"line":69,"column":4},"end":{"line":73,"column":5}},{"start":{"line":69,"column":4},"end":{"line":73,"column":5}}],"line":69}},"s":{"0":0,"1":0,"2":0,"3":0,"4":0,"5":0,"6":0,"7":0,"8":0,"9":0,"10":0,"11":0,"12":0,"13":0,"14":0,"15":0,"16":0,"17":0,"18":0,"19":0,"20":0,"21":0,"22":0,"23":0,"24":0,"25":0,"26":0,"27":0,"28":0,"29":0,"30":0,"31":0,"32":0},"f":{"0":2,"1":0,"2":2,"3":2,"4":2,"5":2,"6":2},"b":{"0":[2,2],"1":[2,0],"2":[2,0],"3":[2,0]},"_coverageSchema":"1a1c01bbd47fc00a2c39e90264f33305004495a9","hash":"31d27275d957c2c85c51244fe181f1457f3793f0","contentHash":"cee59fbd7117185a283b7851abac6cb1c9a00444d0ea9d006715019b216d01ef"}
,"/Users/pranshu/samples-typescript/node-jwt/config/auth.config.js": {"path":"/Users/pranshu/samples-typescript/node-jwt/config/auth.config.js","statementMap":{"0":{"start":{"line":1,"column":0},"end":{"line":3,"column":4}}},"fnMap":{},"branchMap":{},"s":{"0":0},"f":{},"b":{},"_coverageSchema":"1a1c01bbd47fc00a2c39e90264f33305004495a9","hash":"5d7fd0a744f2dff54cd1d7d78105915d66d862ce","contentHash":"873c2c2157a858f653bb57ec1fa808b1ca2f51128ca318f984094063404c1af9"}
,"/Users/pranshu/samples-typescript/node-jwt/config/db.config.js": {"path":"/Users/pranshu/samples-typescript/node-jwt/config/db.config.js","statementMap":{"0":{"start":{"line":1,"column":0},"end":{"line":13,"column":4}}},"fnMap":{},"branchMap":{},"s":{"0":0},"f":{},"b":{},"_coverageSchema":"1a1c01bbd47fc00a2c39e90264f33305004495a9","hash":"7498e19ac1a3a5877e399291d194168ebaae1d89","contentHash":"6d8f903a7c55a0cd4463fed566de6d04a651d6eb2e9e004c1268ebd6117a0073"}
,"/Users/pranshu/samples-typescript/node-jwt/controllers/auth.controller.js": {"path":"/Users/pranshu/samples-typescript/node-jwt/controllers/auth.controller.js","statementMap":{"0":{"start":{"line":1,"column":11},"end":{"line":1,"column":31}},"1":{"start":{"line":2,"column":15},"end":{"line":2,"column":47}},"2":{"start":{"line":3,"column":13},"end":{"line":3,"column":20}},"3":{"start":{"line":4,"column":13},"end":{"line":4,"column":20}},"4":{"start":{"line":6,"column":11},"end":{"line":6,"column":26}},"5":{"start":{"line":8,"column":10},"end":{"line":8,"column":33}},"6":{"start":{"line":9,"column":13},"end":{"line":9,"column":32}},"7":{"start":{"line":11,"column":0},"end":{"line":41,"column":2}},"8":{"start":{"line":13,"column":2},"end":{"line":40,"column":7}},"9":{"start":{"line":19,"column":6},"end":{"line":36,"column":7}},"10":{"start":{"line":20,"column":8},"end":{"line":30,"column":11}},"11":{"start":{"line":27,"column":10},"end":{"line":29,"column":13}},"12":{"start":{"line":28,"column":12},"end":{"line":28,"column":71}},"13":{"start":{"line":33,"column":8},"end":{"line":35,"column":11}},"14":{"start":{"line":34,"column":10},"end":{"line":34,"column":69}},"15":{"start":{"line":39,"column":6},"end":{"line":39,"column":53}},"16":{"start":{"line":43,"column":0},"end":{"line":91,"column":2}},"17":{"start":{"line":44,"column":2},"end":{"line":90,"column":7}},"18":{"start":{"line":50,"column":6},"end":{"line":52,"column":7}},"19":{"start":{"line":51,"column":8},"end":{"line":51,"column":68}},"20":{"start":{"line":54,"column":28},"end":{"line":57,"column":7}},"21":{"start":{"line":59,"column":6},"end":{"line":64,"column":7}},"22":{"start":{"line":60,"column":8},"end":{"line":63,"column":11}},"23":{"start":{"line":66,"column":20},"end":{"line":72,"column":32}},"24":{"start":{"line":74,"column":24},"end":{"line":74,"column":26}},"25":{"start":{"line":75,"column":6},"end":{"line":86,"column":9}},"26":{"start":{"line":76,"column":8},"end":{"line":78,"column":9}},"27":{"start":{"line":76,"column":21},"end":{"line":76,"column":22}},"28":{"start":{"line":77,"column":10},"end":{"line":77,"column":66}},"29":{"start":{"line":79,"column":8},"end":{"line":85,"column":11}},"30":{"start":{"line":89,"column":6},"end":{"line":89,"column":53}}},"fnMap":{"0":{"name":"(anonymous_0)","decl":{"start":{"line":11,"column":17},"end":{"line":11,"column":18}},"loc":{"start":{"line":11,"column":31},"end":{"line":41,"column":1}},"line":11},"1":{"name":"(anonymous_1)","decl":{"start":{"line":18,"column":10},"end":{"line":18,"column":11}},"loc":{"start":{"line":18,"column":18},"end":{"line":37,"column":5}},"line":18},"2":{"name":"(anonymous_2)","decl":{"start":{"line":26,"column":16},"end":{"line":26,"column":17}},"loc":{"start":{"line":26,"column":25},"end":{"line":30,"column":9}},"line":26},"3":{"name":"(anonymous_3)","decl":{"start":{"line":27,"column":36},"end":{"line":27,"column":37}},"loc":{"start":{"line":27,"column":42},"end":{"line":29,"column":11}},"line":27},"4":{"name":"(anonymous_4)","decl":{"start":{"line":33,"column":32},"end":{"line":33,"column":33}},"loc":{"start":{"line":33,"column":38},"end":{"line":35,"column":9}},"line":33},"5":{"name":"(anonymous_5)","decl":{"start":{"line":38,"column":11},"end":{"line":38,"column":12}},"loc":{"start":{"line":38,"column":18},"end":{"line":40,"column":5}},"line":38},"6":{"name":"(anonymous_6)","decl":{"start":{"line":43,"column":17},"end":{"line":43,"column":18}},"loc":{"start":{"line":43,"column":31},"end":{"line":91,"column":1}},"line":43},"7":{"name":"(anonymous_7)","decl":{"start":{"line":49,"column":10},"end":{"line":49,"column":11}},"loc":{"start":{"line":49,"column":18},"end":{"line":87,"column":5}},"line":49},"8":{"name":"(anonymous_8)","decl":{"start":{"line":75,"column":27},"end":{"line":75,"column":28}},"loc":{"start":{"line":75,"column":36},"end":{"line":86,"column":7}},"line":75},"9":{"name":"(anonymous_9)","decl":{"start":{"line":88,"column":11},"end":{"line":88,"column":12}},"loc":{"start":{"line":88,"column":18},"end":{"line":90,"column":5}},"line":88}},"branchMap":{"0":{"loc":{"start":{"line":19,"column":6},"end":{"line":36,"column":7}},"type":"if","locations":[{"start":{"line":19,"column":6},"end":{"line":36,"column":7}},{"start":{"line":19,"column":6},"end":{"line":36,"column":7}}],"line":19},"1":{"loc":{"start":{"line":50,"column":6},"end":{"line":52,"column":7}},"type":"if","locations":[{"start":{"line":50,"column":6},"end":{"line":52,"column":7}},{"start":{"line":50,"column":6},"end":{"line":52,"column":7}}],"line":50},"2":{"loc":{"start":{"line":59,"column":6},"end":{"line":64,"column":7}},"type":"if","locations":[{"start":{"line":59,"column":6},"end":{"line":64,"column":7}},{"start":{"line":59,"column":6},"end":{"line":64,"column":7}}],"line":59}},"s":{"0":0,"1":0,"2":0,"3":0,"4":0,"5":0,"6":0,"7":0,"8":0,"9":0,"10":0,"11":0,"12":0,"13":0,"14":0,"15":0,"16":0,"17":0,"18":0,"19":0,"20":0,"21":0,"22":0,"23":0,"24":0,"25":0,"26":0,"27":0,"28":0,"29":0,"30":0},"f":{"0":4,"1":4,"2":0,"3":0,"4":4,"5":0,"6":2,"7":2,"8":2,"9":0},"b":{"0":[0,4],"1":[0,2],"2":[0,2]},"_coverageSchema":"1a1c01bbd47fc00a2c39e90264f33305004495a9","hash":"e44c787164369fca01e274af1b6acd8088630526","contentHash":"9396dcc4c88cebcc6073d17d71ed001548decbd086e9dddfcba32d0a5a035d35"}
,"/Users/pranshu/samples-typescript/node-jwt/controllers/user.controller.js": {"path":"/Users/pranshu/samples-typescript/node-jwt/controllers/user.controller.js","statementMap":{"0":{"start":{"line":1,"column":11},"end":{"line":1,"column":31}},"1":{"start":{"line":2,"column":13},"end":{"line":2,"column":20}},"2":{"start":{"line":4,"column":0},"end":{"line":6,"column":2}},"3":{"start":{"line":5,"column":4},"end":{"line":5,"column":44}},"4":{"start":{"line":8,"column":2},"end":{"line":10,"column":2}},"5":{"start":{"line":9,"column":4},"end":{"line":9,"column":42}},"6":{"start":{"line":12,"column":2},"end":{"line":14,"column":2}},"7":{"start":{"line":13,"column":4},"end":{"line":13,"column":43}},"8":{"start":{"line":16,"column":2},"end":{"line":18,"column":2}},"9":{"start":{"line":17,"column":4},"end":{"line":17,"column":47}},"10":{"start":{"line":20,"column":0},"end":{"line":38,"column":4}},"11":{"start":{"line":21,"column":23},"end":{"line":21,"column":33}},"12":{"start":{"line":22,"column":21},"end":{"line":22,"column":29}},"13":{"start":{"line":24,"column":4},"end":{"line":37,"column":7}},"14":{"start":{"line":29,"column":6},"end":{"line":33,"column":7}},"15":{"start":{"line":30,"column":8},"end":{"line":30,"column":69}},"16":{"start":{"line":32,"column":8},"end":{"line":32,"column":120}},"17":{"start":{"line":36,"column":6},"end":{"line":36,"column":69}},"18":{"start":{"line":40,"column":2},"end":{"line":56,"column":2}},"19":{"start":{"line":41,"column":23},"end":{"line":41,"column":33}},"20":{"start":{"line":43,"column":4},"end":{"line":55,"column":7}},"21":{"start":{"line":47,"column":6},"end":{"line":51,"column":7}},"22":{"start":{"line":48,"column":8},"end":{"line":48,"column":64}},"23":{"start":{"line":50,"column":8},"end":{"line":50,"column":91}},"24":{"start":{"line":54,"column":6},"end":{"line":54,"column":64}},"25":{"start":{"line":58,"column":0},"end":{"line":66,"column":4}},"26":{"start":{"line":59,"column":4},"end":{"line":65,"column":9}},"27":{"start":{"line":61,"column":8},"end":{"line":61,"column":36}},"28":{"start":{"line":64,"column":8},"end":{"line":64,"column":55}}},"fnMap":{"0":{"name":"(anonymous_0)","decl":{"start":{"line":4,"column":20},"end":{"line":4,"column":21}},"loc":{"start":{"line":4,"column":34},"end":{"line":6,"column":1}},"line":4},"1":{"name":"(anonymous_1)","decl":{"start":{"line":8,"column":22},"end":{"line":8,"column":23}},"loc":{"start":{"line":8,"column":36},"end":{"line":10,"column":1}},"line":8},"2":{"name":"(anonymous_2)","decl":{"start":{"line":12,"column":23},"end":{"line":12,"column":24}},"loc":{"start":{"line":12,"column":37},"end":{"line":14,"column":1}},"line":12},"3":{"name":"(anonymous_3)","decl":{"start":{"line":16,"column":27},"end":{"line":16,"column":28}},"loc":{"start":{"line":16,"column":41},"end":{"line":18,"column":1}},"line":16},"4":{"name":"(anonymous_4)","decl":{"start":{"line":20,"column":21},"end":{"line":20,"column":22}},"loc":{"start":{"line":20,"column":35},"end":{"line":38,"column":3}},"line":20},"5":{"name":"(anonymous_5)","decl":{"start":{"line":28,"column":10},"end":{"line":28,"column":11}},"loc":{"start":{"line":28,"column":17},"end":{"line":34,"column":5}},"line":28},"6":{"name":"(anonymous_6)","decl":{"start":{"line":35,"column":11},"end":{"line":35,"column":12}},"loc":{"start":{"line":35,"column":18},"end":{"line":37,"column":5}},"line":35},"7":{"name":"(anonymous_7)","decl":{"start":{"line":40,"column":23},"end":{"line":40,"column":24}},"loc":{"start":{"line":40,"column":37},"end":{"line":56,"column":1}},"line":40},"8":{"name":"(anonymous_8)","decl":{"start":{"line":46,"column":10},"end":{"line":46,"column":11}},"loc":{"start":{"line":46,"column":17},"end":{"line":52,"column":5}},"line":46},"9":{"name":"(anonymous_9)","decl":{"start":{"line":53,"column":11},"end":{"line":53,"column":12}},"loc":{"start":{"line":53,"column":18},"end":{"line":55,"column":5}},"line":53},"10":{"name":"(anonymous_10)","decl":{"start":{"line":58,"column":22},"end":{"line":58,"column":23}},"loc":{"start":{"line":58,"column":36},"end":{"line":66,"column":3}},"line":58},"11":{"name":"(anonymous_11)","decl":{"start":{"line":60,"column":12},"end":{"line":60,"column":13}},"loc":{"start":{"line":60,"column":21},"end":{"line":62,"column":7}},"line":60},"12":{"name":"(anonymous_12)","decl":{"start":{"line":63,"column":13},"end":{"line":63,"column":14}},"loc":{"start":{"line":63,"column":20},"end":{"line":65,"column":7}},"line":63}},"branchMap":{"0":{"loc":{"start":{"line":29,"column":6},"end":{"line":33,"column":7}},"type":"if","locations":[{"start":{"line":29,"column":6},"end":{"line":33,"column":7}},{"start":{"line":29,"column":6},"end":{"line":33,"column":7}}],"line":29},"1":{"loc":{"start":{"line":47,"column":6},"end":{"line":51,"column":7}},"type":"if","locations":[{"start":{"line":47,"column":6},"end":{"line":51,"column":7}},{"start":{"line":47,"column":6},"end":{"line":51,"column":7}}],"line":47}},"s":{"0":0,"1":0,"2":0,"3":0,"4":0,"5":0,"6":0,"7":0,"8":0,"9":0,"10":0,"11":0,"12":0,"13":0,"14":0,"15":0,"16":0,"17":0,"18":0,"19":0,"20":0,"21":0,"22":0,"23":0,"24":0,"25":0,"26":0,"27":0,"28":0},"f":{"0":2,"1":0,"2":0,"3":0,"4":0,"5":0,"6":0,"7":0,"8":0,"9":0,"10":0,"11":0,"12":0},"b":{"0":[0,0],"1":[0,0]},"_coverageSchema":"1a1c01bbd47fc00a2c39e90264f33305004495a9","hash":"349d014afb6432af46a9b54a9b3a255e3a9c2902","contentHash":"6697557aa4e8f7e52e4473a9f6dfb2a8c88f95993090ec35bf41f53f0fbfcd26"}
,"/Users/pranshu/samples-typescript/node-jwt/middleware/authJwt.js": {"path":"/Users/pranshu/samples-typescript/node-jwt/middleware/authJwt.js","statementMap":{"0":{"start":{"line":1,"column":12},"end":{"line":1,"column":35}},"1":{"start":{"line":2,"column":15},"end":{"line":2,"column":50}},"2":{"start":{"line":3,"column":11},"end":{"line":3,"column":31}},"3":{"start":{"line":4,"column":13},"end":{"line":4,"column":20}},"4":{"start":{"line":6,"column":0},"end":{"line":30,"column":2}},"5":{"start":{"line":7,"column":14},"end":{"line":7,"column":43}},"6":{"start":{"line":9,"column":2},"end":{"line":11,"column":3}},"7":{"start":{"line":10,"column":4},"end":{"line":10,"column":37}},"8":{"start":{"line":13,"column":2},"end":{"line":17,"column":3}},"9":{"start":{"line":14,"column":4},"end":{"line":16,"column":7}},"10":{"start":{"line":19,"column":2},"end":{"line":29,"column":15}},"11":{"start":{"line":22,"column":14},"end":{"line":26,"column":15}},"12":{"start":{"line":23,"column":16},"end":{"line":25,"column":19}},"13":{"start":{"line":27,"column":14},"end":{"line":27,"column":38}},"14":{"start":{"line":28,"column":14},"end":{"line":28,"column":21}},"15":{"start":{"line":32,"column":0},"end":{"line":48,"column":2}},"16":{"start":{"line":33,"column":2},"end":{"line":47,"column":5}},"17":{"start":{"line":34,"column":4},"end":{"line":46,"column":7}},"18":{"start":{"line":35,"column":6},"end":{"line":40,"column":7}},"19":{"start":{"line":35,"column":19},"end":{"line":35,"column":20}},"20":{"start":{"line":36,"column":8},"end":{"line":39,"column":9}},"21":{"start":{"line":37,"column":10},"end":{"line":37,"column":17}},"22":{"start":{"line":38,"column":10},"end":{"line":38,"column":17}},"23":{"start":{"line":42,"column":6},"end":{"line":44,"column":9}},"24":{"start":{"line":45,"column":6},"end":{"line":45,"column":13}},"25":{"start":{"line":50,"column":0},"end":{"line":65,"column":2}},"26":{"start":{"line":51,"column":2},"end":{"line":64,"column":5}},"27":{"start":{"line":52,"column":4},"end":{"line":63,"column":7}},"28":{"start":{"line":53,"column":6},"end":{"line":58,"column":7}},"29":{"start":{"line":53,"column":19},"end":{"line":53,"column":20}},"30":{"start":{"line":54,"column":8},"end":{"line":57,"column":9}},"31":{"start":{"line":55,"column":10},"end":{"line":55,"column":17}},"32":{"start":{"line":56,"column":10},"end":{"line":56,"column":17}},"33":{"start":{"line":60,"column":6},"end":{"line":62,"column":9}},"34":{"start":{"line":67,"column":0},"end":{"line":87,"column":2}},"35":{"start":{"line":68,"column":2},"end":{"line":86,"column":5}},"36":{"start":{"line":69,"column":4},"end":{"line":85,"column":7}},"37":{"start":{"line":70,"column":6},"end":{"line":80,"column":7}},"38":{"start":{"line":70,"column":19},"end":{"line":70,"column":20}},"39":{"start":{"line":71,"column":8},"end":{"line":74,"column":9}},"40":{"start":{"line":72,"column":10},"end":{"line":72,"column":17}},"41":{"start":{"line":73,"column":10},"end":{"line":73,"column":17}},"42":{"start":{"line":76,"column":8},"end":{"line":79,"column":9}},"43":{"start":{"line":77,"column":10},"end":{"line":77,"column":17}},"44":{"start":{"line":78,"column":10},"end":{"line":78,"column":17}},"45":{"start":{"line":82,"column":6},"end":{"line":84,"column":9}},"46":{"start":{"line":89,"column":16},"end":{"line":94,"column":1}},"47":{"start":{"line":95,"column":0},"end":{"line":95,"column":25}}},"fnMap":{"0":{"name":"(anonymous_0)","decl":{"start":{"line":6,"column":14},"end":{"line":6,"column":15}},"loc":{"start":{"line":6,"column":34},"end":{"line":30,"column":1}},"line":6},"1":{"name":"(anonymous_1)","decl":{"start":{"line":21,"column":12},"end":{"line":21,"column":13}},"loc":{"start":{"line":21,"column":30},"end":{"line":29,"column":13}},"line":21},"2":{"name":"(anonymous_2)","decl":{"start":{"line":32,"column":10},"end":{"line":32,"column":11}},"loc":{"start":{"line":32,"column":30},"end":{"line":48,"column":1}},"line":32},"3":{"name":"(anonymous_3)","decl":{"start":{"line":33,"column":33},"end":{"line":33,"column":34}},"loc":{"start":{"line":33,"column":41},"end":{"line":47,"column":3}},"line":33},"4":{"name":"(anonymous_4)","decl":{"start":{"line":34,"column":25},"end":{"line":34,"column":26}},"loc":{"start":{"line":34,"column":34},"end":{"line":46,"column":5}},"line":34},"5":{"name":"(anonymous_5)","decl":{"start":{"line":50,"column":14},"end":{"line":50,"column":15}},"loc":{"start":{"line":50,"column":34},"end":{"line":65,"column":1}},"line":50},"6":{"name":"(anonymous_6)","decl":{"start":{"line":51,"column":33},"end":{"line":51,"column":34}},"loc":{"start":{"line":51,"column":41},"end":{"line":64,"column":3}},"line":51},"7":{"name":"(anonymous_7)","decl":{"start":{"line":52,"column":25},"end":{"line":52,"column":26}},"loc":{"start":{"line":52,"column":34},"end":{"line":63,"column":5}},"line":52},"8":{"name":"(anonymous_8)","decl":{"start":{"line":67,"column":21},"end":{"line":67,"column":22}},"loc":{"start":{"line":67,"column":41},"end":{"line":87,"column":1}},"line":67},"9":{"name":"(anonymous_9)","decl":{"start":{"line":68,"column":33},"end":{"line":68,"column":34}},"loc":{"start":{"line":68,"column":41},"end":{"line":86,"column":3}},"line":68},"10":{"name":"(anonymous_10)","decl":{"start":{"line":69,"column":25},"end":{"line":69,"column":26}},"loc":{"start":{"line":69,"column":34},"end":{"line":85,"column":5}},"line":69}},"branchMap":{"0":{"loc":{"start":{"line":9,"column":2},"end":{"line":11,"column":3}},"type":"if","locations":[{"start":{"line":9,"column":2},"end":{"line":11,"column":3}},{"start":{"line":9,"column":2},"end":{"line":11,"column":3}}],"line":9},"1":{"loc":{"start":{"line":13,"column":2},"end":{"line":17,"column":3}},"type":"if","locations":[{"start":{"line":13,"column":2},"end":{"line":17,"column":3}},{"start":{"line":13,"column":2},"end":{"line":17,"column":3}}],"line":13},"2":{"loc":{"start":{"line":22,"column":14},"end":{"line":26,"column":15}},"type":"if","locations":[{"start":{"line":22,"column":14},"end":{"line":26,"column":15}},{"start":{"line":22,"column":14},"end":{"line":26,"column":15}}],"line":22},"3":{"loc":{"start":{"line":36,"column":8},"end":{"line":39,"column":9}},"type":"if","locations":[{"start":{"line":36,"column":8},"end":{"line":39,"column":9}},{"start":{"line":36,"column":8},"end":{"line":39,"column":9}}],"line":36},"4":{"loc":{"start":{"line":54,"column":8},"end":{"line":57,"column":9}},"type":"if","locations":[{"start":{"line":54,"column":8},"end":{"line":57,"column":9}},{"start":{"line":54,"column":8},"end":{"line":57,"column":9}}],"line":54},"5":{"loc":{"start":{"line":71,"column":8},"end":{"line":74,"column":9}},"type":"if","locations":[{"start":{"line":71,"column":8},"end":{"line":74,"column":9}},{"start":{"line":71,"column":8},"end":{"line":74,"column":9}}],"line":71},"6":{"loc":{"start":{"line":76,"column":8},"end":{"line":79,"column":9}},"type":"if","locations":[{"start":{"line":76,"column":8},"end":{"line":79,"column":9}},{"start":{"line":76,"column":8},"end":{"line":79,"column":9}}],"line":76}},"s":{"0":0,"1":0,"2":0,"3":0,"4":0,"5":2,"6":2,"7":0,"8":2,"9":0,"10":2,"11":2,"12":2,"13":0,"14":0,"15":0,"16":0,"17":0,"18":0,"19":0,"20":0,"21":0,"22":0,"23":0,"24":0,"25":0,"26":0,"27":0,"28":0,"29":0,"30":0,"31":0,"32":0,"33":0,"34":0,"35":0,"36":0,"37":0,"38":0,"39":0,"40":0,"41":0,"42":0,"43":0,"44":0,"45":0,"46":0,"47":0},"f":{"0":18,"1":18,"2":0,"3":0,"4":0,"5":0,"6":0,"7":0,"8":0,"9":0,"10":0},"b":{"0":[0,18],"1":[0,18],"2":[18,0],"3":[0,0],"4":[0,0],"5":[0,0],"6":[0,0]},"_coverageSchema":"1a1c01bbd47fc00a2c39e90264f33305004495a9","hash":"8c35db675c2ca68277487d774bcd4f83b9e5f90f","contentHash":"e30f8c93f90177b51cce395b07735bcbd4fdfe4ff29ceddaab0f2e19d34a32ef"}
,"/Users/pranshu/samples-typescript/node-jwt/middleware/index.js": {"path":"/Users/pranshu/samples-typescript/node-jwt/middleware/index.js","statementMap":{"0":{"start":{"line":1,"column":16},"end":{"line":1,"column":36}},"1":{"start":{"line":2,"column":21},"end":{"line":2,"column":46}},"2":{"start":{"line":4,"column":0},"end":{"line":7,"column":2}}},"fnMap":{},"branchMap":{},"s":{"0":0,"1":0,"2":0},"f":{},"b":{},"_coverageSchema":"1a1c01bbd47fc00a2c39e90264f33305004495a9","hash":"f59aa5ccd352c5ef192bceca0b21ce0ba4a43e2b","contentHash":"f5a332b0a981552e126e237abdb9535f484d9efb4bd060e4723e92e089e40169"}
,"/Users/pranshu/samples-typescript/node-jwt/middleware/verifySignUp.js": {"path":"/Users/pranshu/samples-typescript/node-jwt/middleware/verifySignUp.js","statementMap":{"0":{"start":{"line":1,"column":11},"end":{"line":1,"column":31}},"1":{"start":{"line":2,"column":14},"end":{"line":2,"column":22}},"2":{"start":{"line":3,"column":13},"end":{"line":3,"column":20}},"3":{"start":{"line":5,"column":0},"end":{"line":35,"column":2}},"4":{"start":{"line":7,"column":2},"end":{"line":34,"column":5}},"5":{"start":{"line":12,"column":4},"end":{"line":17,"column":5}},"6":{"start":{"line":13,"column":6},"end":{"line":15,"column":9}},"7":{"start":{"line":16,"column":6},"end":{"line":16,"column":13}},"8":{"start":{"line":20,"column":4},"end":{"line":33,"column":7}},"9":{"start":{"line":25,"column":6},"end":{"line":30,"column":7}},"10":{"start":{"line":26,"column":8},"end":{"line":28,"column":11}},"11":{"start":{"line":29,"column":8},"end":{"line":29,"column":15}},"12":{"start":{"line":32,"column":6},"end":{"line":32,"column":13}},"13":{"start":{"line":37,"column":0},"end":{"line":50,"column":2}},"14":{"start":{"line":38,"column":2},"end":{"line":47,"column":3}},"15":{"start":{"line":39,"column":4},"end":{"line":46,"column":5}},"16":{"start":{"line":39,"column":17},"end":{"line":39,"column":18}},"17":{"start":{"line":40,"column":6},"end":{"line":45,"column":7}},"18":{"start":{"line":41,"column":8},"end":{"line":43,"column":11}},"19":{"start":{"line":44,"column":8},"end":{"line":44,"column":15}},"20":{"start":{"line":49,"column":2},"end":{"line":49,"column":9}},"21":{"start":{"line":52,"column":21},"end":{"line":55,"column":1}},"22":{"start":{"line":57,"column":0},"end":{"line":57,"column":30}}},"fnMap":{"0":{"name":"(anonymous_0)","decl":{"start":{"line":5,"column":32},"end":{"line":5,"column":33}},"loc":{"start":{"line":5,"column":52},"end":{"line":35,"column":1}},"line":5},"1":{"name":"(anonymous_1)","decl":{"start":{"line":11,"column":10},"end":{"line":11,"column":11}},"loc":{"start":{"line":11,"column":18},"end":{"line":34,"column":3}},"line":11},"2":{"name":"(anonymous_2)","decl":{"start":{"line":24,"column":12},"end":{"line":24,"column":13}},"loc":{"start":{"line":24,"column":20},"end":{"line":33,"column":5}},"line":24},"3":{"name":"(anonymous_3)","decl":{"start":{"line":37,"column":20},"end":{"line":37,"column":21}},"loc":{"start":{"line":37,"column":40},"end":{"line":50,"column":1}},"line":37}},"branchMap":{"0":{"loc":{"start":{"line":12,"column":4},"end":{"line":17,"column":5}},"type":"if","locations":[{"start":{"line":12,"column":4},"end":{"line":17,"column":5}},{"start":{"line":12,"column":4},"end":{"line":17,"column":5}}],"line":12},"1":{"loc":{"start":{"line":25,"column":6},"end":{"line":30,"column":7}},"type":"if","locations":[{"start":{"line":25,"column":6},"end":{"line":30,"column":7}},{"start":{"line":25,"column":6},"end":{"line":30,"column":7}}],"line":25},"2":{"loc":{"start":{"line":38,"column":2},"end":{"line":47,"column":3}},"type":"if","locations":[{"start":{"line":38,"column":2},"end":{"line":47,"column":3}},{"start":{"line":38,"column":2},"end":{"line":47,"column":3}}],"line":38},"3":{"loc":{"start":{"line":40,"column":6},"end":{"line":45,"column":7}},"type":"if","locations":[{"start":{"line":40,"column":6},"end":{"line":45,"column":7}},{"start":{"line":40,"column":6},"end":{"line":45,"column":7}}],"line":40}},"s":{"0":0,"1":0,"2":0,"3":0,"4":0,"5":0,"6":0,"7":0,"8":0,"9":0,"10":0,"11":0,"12":0,"13":0,"14":0,"15":0,"16":0,"17":0,"18":0,"19":0,"20":0,"21":0,"22":0},"f":{"0":8,"1":8,"2":6,"3":4},"b":{"0":[2,6],"1":[2,4],"2":[0,4],"3":[0,0]},"_coverageSchema":"1a1c01bbd47fc00a2c39e90264f33305004495a9","hash":"f4d21e27ecc6cdd92dfbaebac9a6d9ecdba2a6b0","contentHash":"66d516079598f7d4200f6418946a93c335014fdf074e10e5266a6f32197c0c53"}
,"/Users/pranshu/samples-typescript/node-jwt/models/index.js": {"path":"/Users/pranshu/samples-typescript/node-jwt/models/index.js","statementMap":{"0":{"start":{"line":1,"column":15},"end":{"line":1,"column":48}},"1":{"start":{"line":3,"column":18},"end":{"line":3,"column":38}},"2":{"start":{"line":4,"column":18},"end":{"line":18,"column":1}},"3":{"start":{"line":20,"column":11},"end":{"line":20,"column":13}},"4":{"start":{"line":22,"column":0},"end":{"line":22,"column":25}},"5":{"start":{"line":23,"column":0},"end":{"line":23,"column":25}},"6":{"start":{"line":25,"column":0},"end":{"line":25,"column":67}},"7":{"start":{"line":26,"column":0},"end":{"line":26,"column":67}},"8":{"start":{"line":28,"column":0},"end":{"line":30,"column":3}},"9":{"start":{"line":31,"column":0},"end":{"line":33,"column":3}},"10":{"start":{"line":35,"column":0},"end":{"line":35,"column":42}},"11":{"start":{"line":37,"column":0},"end":{"line":37,"column":20}}},"fnMap":{},"branchMap":{},"s":{"0":0,"1":0,"2":0,"3":0,"4":0,"5":0,"6":0,"7":0,"8":0,"9":0,"10":0,"11":0},"f":{},"b":{},"_coverageSchema":"1a1c01bbd47fc00a2c39e90264f33305004495a9","hash":"2806b8f8c15a13097c91f30be4284b036d64813f","contentHash":"db2b0370ae06d686eab83cc8db4eb615f76aa8aae8c6d0ebb8d315ca9db2dc50"}
,"/Users/pranshu/samples-typescript/node-jwt/models/role.model.js": {"path":"/Users/pranshu/samples-typescript/node-jwt/models/role.model.js","statementMap":{"0":{"start":{"line":1,"column":0},"end":{"line":13,"column":4}},"1":{"start":{"line":2,"column":17},"end":{"line":10,"column":6}},"2":{"start":{"line":12,"column":4},"end":{"line":12,"column":16}}},"fnMap":{"0":{"name":"(anonymous_0)","decl":{"start":{"line":1,"column":17},"end":{"line":1,"column":18}},"loc":{"start":{"line":1,"column":43},"end":{"line":13,"column":3}},"line":1}},"branchMap":{},"s":{"0":0,"1":0,"2":0},"f":{"0":2},"b":{},"_coverageSchema":"1a1c01bbd47fc00a2c39e90264f33305004495a9","hash":"cfa1966b808361b21948129121c25a7f34e8d8f2","contentHash":"c969cf07e648d5571fe8ec9e45f5a9c42f9549efa708032b3f5783684a7057ae"}
,"/Users/pranshu/samples-typescript/node-jwt/models/user.model.js": {"path":"/Users/pranshu/samples-typescript/node-jwt/models/user.model.js","statementMap":{"0":{"start":{"line":1,"column":0},"end":{"line":15,"column":4}},"1":{"start":{"line":2,"column":17},"end":{"line":12,"column":6}},"2":{"start":{"line":14,"column":4},"end":{"line":14,"column":16}}},"fnMap":{"0":{"name":"(anonymous_0)","decl":{"start":{"line":1,"column":17},"end":{"line":1,"column":18}},"loc":{"start":{"line":1,"column":43},"end":{"line":15,"column":3}},"line":1}},"branchMap":{},"s":{"0":0,"1":0,"2":0},"f":{"0":2},"b":{},"_coverageSchema":"1a1c01bbd47fc00a2c39e90264f33305004495a9","hash":"0c27386e5de14c6991d242f6e704a526725f9842","contentHash":"64976cc9373323ffac34657a986a0b116fbfc0a4125dd51b63a7f55a156f7347"}
,"/Users/pranshu/samples-typescript/node-jwt/routes/auth.routes.js": {"path":"/Users/pranshu/samples-typescript/node-jwt/routes/auth.routes.js","statementMap":{"0":{"start":{"line":1,"column":25},"end":{"line":1,"column":49}},"1":{"start":{"line":2,"column":19},"end":{"line":2,"column":60}},"2":{"start":{"line":4,"column":0},"end":{"line":23,"column":2}},"3":{"start":{"line":5,"column":2},"end":{"line":11,"column":5}},"4":{"start":{"line":6,"column":4},"end":{"line":9,"column":6}},"5":{"start":{"line":10,"column":4},"end":{"line":10,"column":11}},"6":{"start":{"line":13,"column":2},"end":{"line":20,"column":4}},"7":{"start":{"line":22,"column":2},"end":{"line":22,"column":50}}},"fnMap":{"0":{"name":"(anonymous_0)","decl":{"start":{"line":4,"column":17},"end":{"line":4,"column":18}},"loc":{"start":{"line":4,"column":31},"end":{"line":23,"column":1}},"line":4},"1":{"name":"(anonymous_1)","decl":{"start":{"line":5,"column":10},"end":{"line":5,"column":11}},"loc":{"start":{"line":5,"column":35},"end":{"line":11,"column":3}},"line":5}},"branchMap":{},"s":{"0":0,"1":0,"2":0,"3":0,"4":2,"5":2,"6":0,"7":0},"f":{"0":2,"1":32},"b":{},"_coverageSchema":"1a1c01bbd47fc00a2c39e90264f33305004495a9","hash":"749bebbb1c125187908c8ea78ae7da14ed511d2d","contentHash":"3030a88f903c7e676b07685909fde1b122147110f8431b997bf90b73c3ebd06d"}
,"/Users/pranshu/samples-typescript/node-jwt/routes/user.routes.js": {"path":"/Users/pranshu/samples-typescript/node-jwt/routes/user.routes.js","statementMap":{"0":{"start":{"line":1,"column":20},"end":{"line":1,"column":44}},"1":{"start":{"line":2,"column":19},"end":{"line":2,"column":60}},"2":{"start":{"line":4,"column":0},"end":{"line":40,"column":2}},"3":{"start":{"line":5,"column":2},"end":{"line":11,"column":5}},"4":{"start":{"line":6,"column":4},"end":{"line":9,"column":6}},"5":{"start":{"line":10,"column":4},"end":{"line":10,"column":11}},"6":{"start":{"line":13,"column":2},"end":{"line":13,"column":49}},"7":{"start":{"line":14,"column":2},"end":{"line":14,"column":48}},"8":{"start":{"line":15,"column":2},"end":{"line":19,"column":4}},"9":{"start":{"line":21,"column":2},"end":{"line":25,"column":4}},"10":{"start":{"line":27,"column":2},"end":{"line":31,"column":4}},"11":{"start":{"line":32,"column":2},"end":{"line":35,"column":4}},"12":{"start":{"line":36,"column":2},"end":{"line":39,"column":4}}},"fnMap":{"0":{"name":"(anonymous_0)","decl":{"start":{"line":4,"column":17},"end":{"line":4,"column":18}},"loc":{"start":{"line":4,"column":31},"end":{"line":40,"column":1}},"line":4},"1":{"name":"(anonymous_1)","decl":{"start":{"line":5,"column":10},"end":{"line":5,"column":11}},"loc":{"start":{"line":5,"column":35},"end":{"line":11,"column":3}},"line":5}},"branchMap":{},"s":{"0":0,"1":0,"2":0,"3":0,"4":2,"5":2,"6":0,"7":0,"8":0,"9":0,"10":0,"11":0,"12":0},"f":{"0":2,"1":22},"b":{},"_coverageSchema":"1a1c01bbd47fc00a2c39e90264f33305004495a9","hash":"5e9fd226fb02eeff0187073ee1a1f9873d5c321c","contentHash":"ee7641fab474761db320460bc74a3badc09c159f47f9724d029ea7d9752cfa98"}
}
