TN:
SF:app.js
FN:17,(anonymous_0)
FNF:1
FNH:0
FNDA:0,(anonymous_0)
DA:1,1
DA:3,1
DA:4,1
DA:5,1
DA:6,1
DA:7,1
DA:8,1
DA:11,1
DA:12,1
DA:15,1
DA:17,1
DA:18,0
DA:21,1
DA:23,1
LF:14
LH:13
BRF:0
BRH:0
end_of_record
TN:
SF:controllers/product.controller.js
FN:3,(anonymous_0)
FN:12,(anonymous_1)
FN:22,(anonymous_2)
FN:31,(anonymous_3)
FN:48,(anonymous_4)
FNF:5
FNH:5
FNDA:2,(anonymous_0)
FNDA:2,(anonymous_1)
FNDA:2,(anonymous_2)
FNDA:1,(anonymous_3)
FNDA:3,(anonymous_4)
DA:1,1
DA:3,1
DA:4,2
DA:5,2
DA:6,1
DA:8,1
DA:12,1
DA:13,2
DA:14,2
DA:15,2
DA:16,1
DA:18,1
DA:22,1
DA:23,2
DA:24,2
DA:25,1
DA:27,1
DA:31,1
DA:32,1
DA:33,1
DA:35,1
DA:37,1
DA:38,0
DA:41,1
DA:42,1
DA:44,0
DA:48,1
DA:49,3
DA:50,3
DA:52,3
DA:54,2
DA:55,2
DA:58,0
DA:60,1
DA:64,1
LF:35
LH:32
BRDA:37,0,0,0
BRDA:37,0,1,1
BRDA:54,1,0,2
BRDA:54,1,1,0
BRF:4
BRH:2
end_of_record
TN:
SF:db/connect.js
FN:3,(anonymous_0)
FNF:1
FNH:1
FNDA:1,(anonymous_0)
DA:1,1
DA:3,1
DA:4,1
DA:5,1
DA:8,1
LF:5
LH:5
BRF:0
BRH:0
end_of_record
TN:
SF:models/product.model.js
FNF:0
FNH:0
DA:1,1
DA:3,1
DA:33,1
DA:35,1
LF:4
LH:4
BRF:0
BRH:0
end_of_record
TN:
SF:routes/product.route.js
FNF:0
FNH:0
DA:1,1
DA:2,1
DA:3,1
DA:4,1
DA:7,1
DA:8,1
DA:10,1
DA:13,1
DA:16,1
DA:21,1
LF:10
LH:10
BRF:0
BRH:0
end_of_record
